<?xml version="1.0" encoding="UTF-8"?>
<!-- Generated by org.testng.reporters.JUnitReportReporter -->
<testsuite hostname="Sarfarazs-Laptop.local" failures="0" tests="2" name="qaAcadaemy.ErrorValidationsTest" time="27.595" errors="0" timestamp="2025-05-15T01:12:11 EDT" skipped="0">
  <testcase classname="qaAcadaemy.ErrorValidationsTest" name="ProductValidation" time="21.406"/>
  <testcase classname="qaAcadaemy.ErrorValidationsTest" name="LoginErrorValidation" time="6.189"/>
</testsuite> <!-- qaAcadaemy.ErrorValidationsTest -->
