<?xml version="1.0" encoding="UTF-8"?>
<!-- Generated by org.testng.reporters.JUnitReportReporter -->
<testsuite hostname="Sarfarazs-Laptop.local" failures="0" tests="1" name="qaAcadaemy.ecommerceOrder" time="8.174" errors="0" timestamp="2025-04-30T20:03:37 EDT" skipped="0">
  <testcase classname="qaAcadaemy.ecommerceOrder" name="placeOrder" time="8.174"/>
</testsuite> <!-- qaAcadaemy.ecommerceOrder -->
