<?xml version="1.0" encoding="UTF-8"?>
<!-- Generated by org.testng.reporters.JUnitReportReporter -->
<testsuite hostname="Sarfarazs-Laptop.local" failures="0" tests="1" name="Cucumber.TestNGtestRunner" time="7.923" errors="0" timestamp="2025-05-11T14:12:33 EDT" skipped="0">
  <testcase classname="Cucumber.TestNGtestRunner" name="runScenario" time="7.923"/>
</testsuite> <!-- Cucumber.TestNGtestRunner -->
